<?xml version="1.0" encoding="UTF-8"?>
<testng-results ignored="0" total="1" passed="1" failed="0" skipped="0">
  <reporter-output>
  </reporter-output>
  <suite started-at="2024-12-06T00:57:35 IST" name="Default suite" finished-at="2024-12-06T00:57:43 IST" duration-ms="7391">
    <groups>
    </groups>
    <test started-at="2024-12-06T00:57:35 IST" name="Default test" finished-at="2024-12-06T00:57:43 IST" duration-ms="7391">
      <class name="siranjeevis.Appium.AppiumBasics">
        <test-method is-config="true" signature="ConfigureAppium()[pri:0, instance:siranjeevis.Appium.AppiumBasics@5b7a5baa]" started-at="2024-12-06T00:57:35 IST" name="ConfigureAppium" finished-at="2024-12-06T00:57:40 IST" duration-ms="4613" status="PASS">
          <reporter-output>
          </reporter-output>
        </test-method> <!-- ConfigureAppium -->
        <test-method signature="wifi()[pri:0, instance:siranjeevis.Appium.AppiumBasics@5b7a5baa]" started-at="2024-12-06T00:57:40 IST" name="wifi" finished-at="2024-12-06T00:57:42 IST" duration-ms="2754" status="PASS">
          <reporter-output>
          </reporter-output>
        </test-method> <!-- wifi -->
        <test-method is-config="true" signature="tearDown()[pri:0, instance:siranjeevis.Appium.AppiumBasics@5b7a5baa]" started-at="2024-12-06T00:57:43 IST" name="tearDown" finished-at="2024-12-06T00:57:43 IST" duration-ms="1" status="PASS">
          <reporter-output>
          </reporter-output>
        </test-method> <!-- tearDown -->
      </class> <!-- siranjeevis.Appium.AppiumBasics -->
    </test> <!-- Default test -->
  </suite> <!-- Default suite -->
</testng-results>
